<?xml version="1.0" encoding="UTF-8"?>
<!-- Generated by org.testng.reporters.JUnitReportReporter -->
<testsuite hostname="Ajays-MacBook-Air.local" failures="0" tests="3" name="TestNG.TestNGDataProvider" time="0.066" errors="0" timestamp="2022-03-05T10:52:07 IST" skipped="0">
  <testcase classname="TestNG.TestNGDataProvider" name="loginTest" time="0.021"/>
  <system-out/>
  <testcase classname="TestNG.TestNGDataProvider" name="loginTest" time="0.041"/>
  <system-out/>
  <testcase classname="TestNG.TestNGDataProvider" name="loginTest" time="0.004"/>
  <system-out/>
</testsuite> <!-- TestNG.TestNGDataProvider -->
