<?xml version="1.0" encoding="UTF-8"?>
<!-- Generated by org.testng.reporters.JUnitReportReporter -->
<testsuite hostname="Ajays-MacBook-Air.local" failures="0" tests="5" name="TestNG.LoginTest" time="0.112" errors="0" timestamp="2022-03-05T15:06:13 IST" skipped="0">
  <testcase classname="TestNG.LoginTest" name="login" time="0.003"/>
  <system-out/>
  <testcase classname="TestNG.LoginTest" name="validateTitle" time="0.008"/>
  <system-out/>
  <testcase classname="TestNG.LoginTest" name="abc" time="0.012"/>
  <system-out/>
  <testcase classname="TestNG.LoginTest" name="sendFriendRequest" time="0.017"/>
  <system-out/>
  <testcase classname="TestNG.LoginTest" name="receiveFriendRequest" time="0.072"/>
  <system-out/>
</testsuite> <!-- TestNG.LoginTest -->
