<?xml version="1.0" encoding="UTF-8"?>
<!-- Generated by org.testng.reporters.JUnitReportReporter -->
<testsuite hostname="Ajays-MacBook-Air.local" failures="0" tests="4" name="TestNG.LoginNewTest" time="0.083" errors="0" timestamp="2022-03-04T17:00:01 IST" skipped="0">
  <testcase classname="TestNG.LoginNewTest" name="m3" time="0.036"/>
  <system-out/>
  <testcase classname="TestNG.LoginNewTest" name="m2" time="0.002"/>
  <system-out/>
  <testcase classname="TestNG.LoginNewTest" name="m4" time="0.003"/>
  <system-out/>
  <testcase classname="TestNG.LoginNewTest" name="m1" time="0.042"/>
  <system-out/>
</testsuite> <!-- TestNG.LoginNewTest -->
